{"type":"server-started","port":57005,"host":"127.0.0.1","url_host":"localhost","url":"http://localhost:57005","screen_dir":"/Users/italo/Desktop/Superior + Stratagraph/.superpowers/brainstorm/11289-1779829914/content","state_dir":"/Users/italo/Desktop/Superior + Stratagraph/.superpowers/brainstorm/11289-1779829914/state"}
{"type":"screen-added","file":"/Users/italo/Desktop/Superior + Stratagraph/.superpowers/brainstorm/11289-1779829914/content/pnl-location.html"}
{"type":"screen-updated","file":"/Users/italo/Desktop/Superior + Stratagraph/.superpowers/brainstorm/11289-1779829914/content/pnl-location.html"}
{"source":"user-event","type":"click","text":"A\n    \n      Dedicated /p-and-l route Recommended\n      Own top-level sidebar item, between Projections and Invoices. Project list that drills into per-project P&L detail.\n      \n        First-class visibility — Superior is paying for this\n        Clean separation from cost forecasting (projections) and billing (invoices)\n        Room to grow: multi-project rollups, portfolio views later","choice":"a","id":null,"timestamp":1779830041611}
{"source":"user-event","type":"click","text":"A\n    \n      Dedicated /p-and-l route Recommended\n      Own top-level sidebar item, between Projections and Invoices. Project list that drills into per-project P&L detail.\n      \n        First-class visibility — Superior is paying for this\n        Clean separation from cost forecasting (projections) and billing (invoices)\n        Room to grow: multi-project rollups, portfolio views later","choice":"a","id":null,"timestamp":1779830042359}
{"source":"user-event","type":"click","text":"A\n    \n      Dedicated /p-and-l route Recommended\n      Own top-level sidebar item, between Projections and Invoices. Project list that drills into per-project P&L detail.\n      \n        First-class visibility — Superior is paying for this\n        Clean separation from cost forecasting (projections) and billing (invoices)\n        Room to grow: multi-project rollups, portfolio views later","choice":"a","id":null,"timestamp":1779830042539}
{"source":"user-event","type":"click","text":"A\n    \n      Dedicated /p-and-l route Recommended\n      Own top-level sidebar item, between Projections and Invoices. Project list that drills into per-project P&L detail.\n      \n        First-class visibility — Superior is paying for this\n        Clean separation from cost forecasting (projections) and billing (invoices)\n        Room to grow: multi-project rollups, portfolio views later","choice":"a","id":null,"timestamp":1779830042750}
{"source":"user-event","type":"click","text":"B\n    \n      Tab on projection detail page\n      Add a \"P&L\" tab alongside existing projection table/comments/alerts on /projections/:projectId.\n      \n        Data is already on the page — just adds a financial lens\n        No new nav item needed\n        Downside: projection detail already has a lot going on","choice":"b","id":null,"timestamp":1779830043950}
{"source":"user-event","type":"click","text":"C\n    \n      Section under Reports\n      Add P&L as a sub-tab within /reports, alongside equipment utilization and crew availability.\n      \n        Groups all analytics together\n        Reports page currently only has operational metrics\n        Downside: buries a premium feature under a generic label","choice":"c","id":null,"timestamp":1779830063540}
{"source":"user-event","type":"click","text":"C\n    \n      Section under Reports\n      Add P&L as a sub-tab within /reports, alongside equipment utilization and crew availability.\n      \n        Groups all analytics together\n        Reports page currently only has operational metrics\n        Downside: buries a premium feature under a generic label","choice":"c","id":null,"timestamp":1779830064330}
{"type":"screen-added","file":"/Users/italo/Desktop/Superior + Stratagraph/.superpowers/brainstorm/11289-1779829914/content/pnl-location-confirm.html"}
{"type":"screen-updated","file":"/Users/italo/Desktop/Superior + Stratagraph/.superpowers/brainstorm/11289-1779829914/content/pnl-location-confirm.html"}
{"source":"user-event","type":"click","text":"A\n    \n      Dedicated /p-and-l route\n      Own sidebar item, own page. First-class visibility.","choice":"a","id":null,"timestamp":1779830108600}
{"source":"user-event","type":"click","text":"A\n    \n      Dedicated /p-and-l route\n      Own sidebar item, own page. First-class visibility.","choice":"a","id":null,"timestamp":1779830109485}
{"source":"user-event","type":"click","text":"A\n    \n      Dedicated /p-and-l route\n      Own sidebar item, own page. First-class visibility.","choice":"a","id":null,"timestamp":1779830111006}
{"type":"screen-added","file":"/Users/italo/Desktop/Superior + Stratagraph/.superpowers/brainstorm/11289-1779829914/content/pnl-revenue-source.html"}
{"type":"screen-updated","file":"/Users/italo/Desktop/Superior + Stratagraph/.superpowers/brainstorm/11289-1779829914/content/pnl-location.html"}
{"type":"screen-updated","file":"/Users/italo/Desktop/Superior + Stratagraph/.superpowers/brainstorm/11289-1779829914/content/pnl-location-confirm.html"}
{"type":"screen-updated","file":"/Users/italo/Desktop/Superior + Stratagraph/.superpowers/brainstorm/11289-1779829914/content/pnl-revenue-source.html"}
{"type":"screen-added","file":"/Users/italo/Desktop/Superior + Stratagraph/.superpowers/brainstorm/11289-1779829914/content/pnl-revenue-source-v2.html"}
{"type":"screen-updated","file":"/Users/italo/Desktop/Superior + Stratagraph/.superpowers/brainstorm/11289-1779829914/content/pnl-revenue-source-v2.html"}
{"type":"screen-updated","file":"/Users/italo/Desktop/Superior + Stratagraph/.superpowers/brainstorm/11289-1779829914/content/pnl-revenue-source-v2.html"}
{"source":"user-event","type":"click","text":"C\n    \n      Full dashboard with charts\n      KPI cards (total revenue, total cost, GP%, variance from bid) + monthly trend chart + cost type breakdown + alerts for margin erosion.\n      \n        Most visually rich — reuse projection engine's variance and alert logic\n        Heavier to build but makes the biggest demo impact\n        Could reuse existing trend modal SVG chart patterns","choice":"c","id":null,"timestamp":1779830401975}
{"type":"screen-updated","file":"/Users/italo/Desktop/Superior + Stratagraph/.superpowers/brainstorm/11289-1779829914/content/pnl-location.html"}
{"type":"screen-added","file":"/Users/italo/Desktop/Superior + Stratagraph/.superpowers/brainstorm/11289-1779829914/content/pnl-scope.html"}
{"type":"screen-updated","file":"/Users/italo/Desktop/Superior + Stratagraph/.superpowers/brainstorm/11289-1779829914/content/pnl-location-confirm.html"}
{"type":"screen-updated","file":"/Users/italo/Desktop/Superior + Stratagraph/.superpowers/brainstorm/11289-1779829914/content/pnl-scope.html"}
{"type":"screen-updated","file":"/Users/italo/Desktop/Superior + Stratagraph/.superpowers/brainstorm/11289-1779829914/content/pnl-revenue-source.html"}
{"type":"screen-updated","file":"/Users/italo/Desktop/Superior + Stratagraph/.superpowers/brainstorm/11289-1779829914/content/pnl-revenue-source-v2.html"}
{"source":"user-event","type":"click","text":"B\n    \n      Portfolio rollup + per-project drill-down\n      Default view: aggregated P&L across all projects. Click a project to see its individual P&L.\n      \n        Shows the \"big picture\" — total company margin at a glance\n        More complex: need to sum financials across projects, handle different date ranges\n        Impressive for Mickey's boss (the budget approver)","choice":"b","id":null,"timestamp":1779830464781}
{"type":"screen-updated","file":"/Users/italo/Desktop/Superior + Stratagraph/.superpowers/brainstorm/11289-1779829914/content/pnl-scope.html"}
{"type":"screen-added","file":"/Users/italo/Desktop/Superior + Stratagraph/.superpowers/brainstorm/11289-1779829914/content/pnl-both-tenants.html"}
{"type":"screen-updated","file":"/Users/italo/Desktop/Superior + Stratagraph/.superpowers/brainstorm/11289-1779829914/content/pnl-both-tenants.html"}
{"source":"user-event","type":"click","text":"B\n    \n      Both tenants\n      Build P&L for both. Superior uses FinancialSummary data. Stratagraph derives revenue from invoices and costs from job activity.\n      \n        Consistent experience across tenants\n        More work: need to build invoice→revenue aggregation for Stratagraph\n        Stratagraph's P&L would be simpler (no forecast comparison, just actuals)","choice":"b","id":null,"timestamp":1779830486456}
{"type":"screen-added","file":"/Users/italo/Desktop/Superior + Stratagraph/.superpowers/brainstorm/11289-1779829914/content/pnl-layout.html"}
{"type":"screen-updated","file":"/Users/italo/Desktop/Superior + Stratagraph/.superpowers/brainstorm/11289-1779829914/content/pnl-layout.html"}
{"source":"user-event","type":"click","text":"B\n    \n      KPI cards → trend chart → project table\n      \n        Reports → P&L\n        \n          \n          \n            \n              Revenue\n              $16.1M\n            \n            \n              Cost\n              $14.4M\n            \n            \n              Profit\n              $1.7M\n            \n            \n              GP%\n              10.6%\n            \n          \n          \n          \n            Monthly Revenue vs Cost\n            \n              \n              \n              \n              \n              \n              Jan\n              Mar\n              May\n              Jul\n            \n            \n              ━ Revenue   ╌ Cost\n            \n          \n          \n          Projects\n          \n            \n              Suncoast 3A · 12% GP\n              ▼ 1.0% vs bid\n            \n            \n              Harbor Walk · 10% GP\n              ▼ 3.0% vs bid\n            \n          \n        \n      \n      Chart in the middle shows the trend at a glance. More visual, takes more vertical space.","choice":"b","id":null,"timestamp":1779830562816}
{"type":"screen-added","file":"/Users/italo/Desktop/Superior + Stratagraph/.superpowers/brainstorm/11289-1779829914/content/pnl-detail-layout.html"}
{"type":"screen-updated","file":"/Users/italo/Desktop/Superior + Stratagraph/.superpowers/brainstorm/11289-1779829914/content/pnl-detail-layout.html"}
{"source":"user-event","type":"click","text":"A\n    \n      KPIs → chart → monthly breakdown table\n      \n        Reports → P&L → Suncoast Phase 3A\n        \n          \n          ← Back to Portfolio\n          \n          \n            \n              Revenue\n              $6.8M\n            \n            \n              Cost\n              $5.98M\n            \n            \n              Profit\n              $816K\n            \n            \n              GP%\n              12.0%\n              ▼ 1% vs bid\n            \n            \n              Bid GP%\n              13.0%\n              Original target\n            \n          \n          \n          \n            \n              \n              \n            \n          \n          \n          \n            \n              \n                Month\n                Revenue\n                Cost\n                Profit\n                GP%\n              \n            \n            \n              \n                Jan 2026\n                $4.2M\n                $3.78M\n                $420K\n                10.0%\n              \n              \n                Feb 2026\n                $5.1M\n                $4.59M\n                $510K\n                10.0%\n              \n              \n                Mar 2026\n                $6.8M\n                $5.98M\n                $816K\n                12.0%\n              \n            \n          \n        \n      \n      Focused on the financial timeline. Simple, matches portfolio pattern.","choice":"a","id":null,"timestamp":1779830622867}
{"source":"user-event","type":"click","text":"B\n    \n      Same as A, plus cost-type breakdown\n      \n        Reports → P&L → Suncoast Phase 3A\n        \n          ← Back to Portfolio\n          \n          [KPI cards + trend chart — same as option A]\n          \n          \n            \n            \n              Monthly P&L\n              \n                MonthRevCostGP%\n                \n                  Jan$4.2M$3.78M10%\n                  Feb$5.1M$4.59M10%\n                  Mar$6.8M$5.98M12%\n                \n              \n            \n            \n            \n              Cost by Type (Latest)\n              \n                \n                  Labor\n                  $2.39M (40%)\n                \n                \n                  Material\n                  $1.79M (30%)\n                \n                \n                  Subcontract\n                  $1.20M (20%)\n                \n                \n                  Equipment\n                  $598K (10%)\n                \n              \n            \n          \n        \n      \n      Adds \"where is the money going?\" alongside the timeline. Uses existing ProjectionItem cost-type data.","choice":"b","id":null,"timestamp":1779830653993}
{"type":"screen-added","file":"/Users/italo/Desktop/Superior + Stratagraph/.superpowers/brainstorm/11289-1779829914/content/pnl-summary.html"}
{"type":"screen-updated","file":"/Users/italo/Desktop/Superior + Stratagraph/.superpowers/brainstorm/11289-1779829914/content/pnl-summary.html"}
{"type":"screen-updated","file":"/Users/italo/Desktop/Superior + Stratagraph/.superpowers/brainstorm/11289-1779829914/content/pnl-summary.html"}
{"type":"screen-updated","file":"/Users/italo/Desktop/Superior + Stratagraph/.superpowers/brainstorm/11289-1779829914/content/pnl-summary.html"}
{"type":"screen-added","file":"/Users/italo/Desktop/Superior + Stratagraph/.superpowers/brainstorm/11289-1779829914/content/waiting.html"}
{"type":"screen-updated","file":"/Users/italo/Desktop/Superior + Stratagraph/.superpowers/brainstorm/11289-1779829914/content/waiting.html"}
{"type":"screen-updated","file":"/Users/italo/Desktop/Superior + Stratagraph/.superpowers/brainstorm/11289-1779829914/content/waiting.html"}
{"type":"screen-updated","file":"/Users/italo/Desktop/Superior + Stratagraph/.superpowers/brainstorm/11289-1779829914/content/pnl-location.html"}
{"type":"screen-updated","file":"/Users/italo/Desktop/Superior + Stratagraph/.superpowers/brainstorm/11289-1779829914/content/pnl-revenue-source.html"}
{"type":"screen-updated","file":"/Users/italo/Desktop/Superior + Stratagraph/.superpowers/brainstorm/11289-1779829914/content/pnl-location-confirm.html"}
{"type":"server-stopped","reason":"idle timeout"}
